  [1m[36m (15.1ms)[0m  [1mCREATE TABLE "schema_migrations" ("version" character varying NOT NULL) [0m
  [1m[35m (1.5ms)[0m  CREATE UNIQUE INDEX  "unique_schema_migrations" ON "schema_migrations"  ("version")
  [1m[36mActiveRecord::SchemaMigration Load (2.0ms)[0m  [1mSELECT "schema_migrations".* FROM "schema_migrations"[0m
Migrating to CreateLookupFirms (20141211110031)
  [1m[35m (0.2ms)[0m  BEGIN
DEPRECATION WARNING: `#timestamp` was called without specifying an option for `null`. In Rails 5, this behavior will change to `null: false`. You should manually specify `null: true` to prevent the behavior of your existing migrations from changing. (called from block in change at /Users/benlovell/code/rad_core/db/migrate/20141211110031_create_lookup_firms.rb:8)
  [1m[36m (16.1ms)[0m  [1mCREATE TABLE "lookup_firms" ("id" serial primary key, "fca_number" integer NOT NULL, "registered_name" character varying DEFAULT '' NOT NULL, "created_at" timestamp, "updated_at" timestamp) [0m
  [1m[35m (5.6ms)[0m  CREATE UNIQUE INDEX  "index_lookup_firms_on_fca_number" ON "lookup_firms"  ("fca_number")
  [1m[36mSQL (0.5ms)[0m  [1mINSERT INTO "schema_migrations" ("version") VALUES ($1)[0m  [["version", "20141211110031"]]
  [1m[35m (6.5ms)[0m  COMMIT
Migrating to CreatePrincipals (20141221140208)
  [1m[36m (6.3ms)[0m  [1mBEGIN[0m
DEPRECATION WARNING: `#timestamp` was called without specifying an option for `null`. In Rails 5, this behavior will change to `null: false`. You should manually specify `null: true` to prevent the behavior of your existing migrations from changing. (called from block (2 levels) in change at /Users/benlovell/code/rad_core/db/migrate/20141221140208_create_principals.rb:19)
  [1m[35m (14.6ms)[0m  CREATE TABLE "principals" ("id" serial primary key, "fca_number" integer, "token" character varying, "website_address" character varying, "first_name" character varying, "last_name" character varying, "job_title" character varying, "email_address" character varying, "telephone_number" character varying, "confirmed_disclaimer" boolean DEFAULT 'f', "created_at" timestamp, "updated_at" timestamp) 
  [1m[36m (1.1ms)[0m  [1mCREATE UNIQUE INDEX  "index_principals_on_fca_number" ON "principals"  ("fca_number")[0m
  [1m[35m (0.9ms)[0m  CREATE UNIQUE INDEX  "index_principals_on_token" ON "principals"  ("token")
  [1m[36mSQL (0.2ms)[0m  [1mINSERT INTO "schema_migrations" ("version") VALUES ($1)[0m  [["version", "20141221140208"]]
  [1m[35m (0.5ms)[0m  COMMIT
Migrating to AddLastSignInAtToPrincipal (20141222150416)
  [1m[36m (6.1ms)[0m  [1mBEGIN[0m
  [1m[35m (0.5ms)[0m  ALTER TABLE "principals" ADD "last_sign_in_at" timestamp
  [1m[36mSQL (0.2ms)[0m  [1mINSERT INTO "schema_migrations" ("version") VALUES ($1)[0m  [["version", "20141222150416"]]
  [1m[35m (6.0ms)[0m  COMMIT
Migrating to CreateLookupSubsidiaries (20141230112136)
  [1m[36m (0.2ms)[0m  [1mBEGIN[0m
  [1m[35m (14.6ms)[0m  CREATE TABLE "lookup_subsidiaries" ("id" serial primary key, "fca_number" integer NOT NULL, "name" character varying DEFAULT '' NOT NULL, "created_at" timestamp NOT NULL, "updated_at" timestamp NOT NULL) 
  [1m[36m (6.4ms)[0m  [1mCREATE  INDEX  "index_lookup_subsidiaries_on_fca_number" ON "lookup_subsidiaries"  ("fca_number")[0m
  [1m[35mSQL (0.2ms)[0m  INSERT INTO "schema_migrations" ("version") VALUES ($1)  [["version", "20141230112136"]]
  [1m[36m (0.4ms)[0m  [1mCOMMIT[0m
Migrating to RemoveLastSignInAtFromPrincipals (20150106115732)
  [1m[35m (6.2ms)[0m  BEGIN
  [1m[36m (1.3ms)[0m  [1mALTER TABLE "principals" DROP "last_sign_in_at"[0m
  [1m[35mSQL (0.2ms)[0m  INSERT INTO "schema_migrations" ("version") VALUES ($1)  [["version", "20150106115732"]]
  [1m[36m (6.2ms)[0m  [1mCOMMIT[0m
Migrating to CreateLookupAdvisers (20150114144343)
  [1m[35m (0.3ms)[0m  BEGIN
  [1m[36m (13.6ms)[0m  [1mCREATE TABLE "lookup_advisers" ("id" serial primary key, "reference_number" character varying NOT NULL, "name" character varying NOT NULL, "created_at" timestamp NOT NULL, "updated_at" timestamp NOT NULL) [0m
  [1m[35mSQL (0.1ms)[0m  INSERT INTO "schema_migrations" ("version") VALUES ($1)  [["version", "20150114144343"]]
  [1m[36m (6.1ms)[0m  [1mCOMMIT[0m
Migrating to CreateFirms (20150114151447)
  [1m[35m (6.1ms)[0m  BEGIN
  [1m[36m (14.5ms)[0m  [1mCREATE TABLE "firms" ("id" serial primary key, "fca_number" integer NOT NULL, "registered_name" character varying NOT NULL, "email_address" character varying, "telephone_number" character varying, "created_at" timestamp NOT NULL, "updated_at" timestamp NOT NULL) [0m
  [1m[35m (0.9ms)[0m  CREATE UNIQUE INDEX  "index_firms_on_fca_number" ON "firms"  ("fca_number")
  [1m[36mSQL (0.2ms)[0m  [1mINSERT INTO "schema_migrations" ("version") VALUES ($1)[0m  [["version", "20150114151447"]]
  [1m[35m (0.5ms)[0m  COMMIT
Migrating to AddAddressToFirm (20150115130949)
  [1m[36m (6.0ms)[0m  [1mBEGIN[0m
  [1m[35m (0.3ms)[0m  ALTER TABLE "firms" ADD "address_line_one" character varying
  [1m[36m (0.3ms)[0m  [1mALTER TABLE "firms" ADD "address_line_two" character varying[0m
  [1m[35m (0.3ms)[0m  ALTER TABLE "firms" ADD "address_town" character varying
  [1m[36m (0.3ms)[0m  [1mALTER TABLE "firms" ADD "address_county" character varying[0m
  [1m[35m (0.2ms)[0m  ALTER TABLE "firms" ADD "address_postcode" character varying
  [1m[36mSQL (0.2ms)[0m  [1mINSERT INTO "schema_migrations" ("version") VALUES ($1)[0m  [["version", "20150115130949"]]
  [1m[35m (6.0ms)[0m  COMMIT
Migrating to CreateInPersonAdviceMethods (20150119102735)
  [1m[36m (0.2ms)[0m  [1mBEGIN[0m
  [1m[35m (14.5ms)[0m  CREATE TABLE "in_person_advice_methods" ("id" serial primary key, "name" character varying NOT NULL, "created_at" timestamp NOT NULL, "updated_at" timestamp NOT NULL) 
  [1m[36m (0.8ms)[0m  [1mCREATE TABLE "firms_in_person_advice_methods" ("firm_id" integer NOT NULL, "in_person_advice_method_id" integer NOT NULL) [0m
  [1m[35m (5.8ms)[0m  CREATE UNIQUE INDEX  "firms_in_person_advice_methods_index" ON "firms_in_person_advice_methods"  ("firm_id", "in_person_advice_method_id")
  [1m[36mSQL (0.2ms)[0m  [1mINSERT INTO "schema_migrations" ("version") VALUES ($1)[0m  [["version", "20150119102735"]]
  [1m[35m (0.5ms)[0m  COMMIT
Migrating to CreateOtherAdviceMethods (20150119111754)
  [1m[36m (6.2ms)[0m  [1mBEGIN[0m
  [1m[35m (15.1ms)[0m  CREATE TABLE "other_advice_methods" ("id" serial primary key, "name" character varying NOT NULL, "created_at" timestamp NOT NULL, "updated_at" timestamp NOT NULL) 
  [1m[36m (0.9ms)[0m  [1mCREATE TABLE "firms_other_advice_methods" ("firm_id" integer NOT NULL, "other_advice_method_id" integer NOT NULL) [0m
  [1m[35m (1.0ms)[0m  CREATE UNIQUE INDEX  "firms_other_advice_methods_index" ON "firms_other_advice_methods"  ("firm_id", "other_advice_method_id")
  [1m[36mSQL (0.2ms)[0m  [1mINSERT INTO "schema_migrations" ("version") VALUES ($1)[0m  [["version", "20150119111754"]]
  [1m[35m (0.5ms)[0m  COMMIT
Migrating to AddFreeInitialMeetingToFirm (20150119114218)
  [1m[36m (6.0ms)[0m  [1mBEGIN[0m
  [1m[35m (0.4ms)[0m  ALTER TABLE "firms" ADD "free_initial_meeting" boolean
  [1m[36mSQL (0.1ms)[0m  [1mINSERT INTO "schema_migrations" ("version") VALUES ($1)[0m  [["version", "20150119114218"]]
  [1m[35m (6.2ms)[0m  COMMIT
Migrating to CreateInitialMeetingDurations (20150119125208)
  [1m[36m (0.2ms)[0m  [1mBEGIN[0m
  [1m[35m (13.3ms)[0m  CREATE TABLE "initial_meeting_durations" ("id" serial primary key, "name" character varying NOT NULL, "created_at" timestamp NOT NULL, "updated_at" timestamp NOT NULL) 
  [1m[36m (0.2ms)[0m  [1mALTER TABLE "firms" ADD "initial_meeting_duration_id" integer[0m
  [1m[35m (6.6ms)[0m  CREATE  INDEX  "index_firms_on_initial_meeting_duration_id" ON "firms"  ("initial_meeting_duration_id")
  [1m[36mSQL (0.2ms)[0m  [1mINSERT INTO "schema_migrations" ("version") VALUES ($1)[0m  [["version", "20150119125208"]]
  [1m[35m (0.4ms)[0m  COMMIT
Migrating to CreateInitialAdviceFeeStructures (20150119152325)
  [1m[36m (5.5ms)[0m  [1mBEGIN[0m
  [1m[35m (14.5ms)[0m  CREATE TABLE "initial_advice_fee_structures" ("id" serial primary key, "name" character varying NOT NULL, "created_at" timestamp NOT NULL, "updated_at" timestamp NOT NULL) 
  [1m[36m (0.6ms)[0m  [1mCREATE TABLE "firms_initial_advice_fee_structures" ("firm_id" integer NOT NULL, "initial_advice_fee_structure_id" integer NOT NULL) [0m
  [1m[35m (0.7ms)[0m  CREATE UNIQUE INDEX  "firms_initial_advice_fee_structures_index" ON "firms_initial_advice_fee_structures"  ("firm_id", "initial_advice_fee_structure_id")
  [1m[36mSQL (0.2ms)[0m  [1mINSERT INTO "schema_migrations" ("version") VALUES ($1)[0m  [["version", "20150119152325"]]
  [1m[35m (0.4ms)[0m  COMMIT
Migrating to CreateOngoingAdviceFeeStructures (20150119152336)
  [1m[36m (6.1ms)[0m  [1mBEGIN[0m
  [1m[35m (14.1ms)[0m  CREATE TABLE "ongoing_advice_fee_structures" ("id" serial primary key, "name" character varying NOT NULL, "created_at" timestamp NOT NULL, "updated_at" timestamp NOT NULL) 
  [1m[36m (0.6ms)[0m  [1mCREATE TABLE "firms_ongoing_advice_fee_structures" ("firm_id" integer NOT NULL, "ongoing_advice_fee_structure_id" integer NOT NULL) [0m
  [1m[35m (1.1ms)[0m  CREATE UNIQUE INDEX  "firms_ongoing_advice_fee_structures_index" ON "firms_ongoing_advice_fee_structures"  ("firm_id", "ongoing_advice_fee_structure_id")
  [1m[36mSQL (0.2ms)[0m  [1mINSERT INTO "schema_migrations" ("version") VALUES ($1)[0m  [["version", "20150119152336"]]
  [1m[35m (0.4ms)[0m  COMMIT
Migrating to CreateAllowedPaymentMethods (20150120133717)
  [1m[36m (6.2ms)[0m  [1mBEGIN[0m
  [1m[35m (14.1ms)[0m  CREATE TABLE "allowed_payment_methods" ("id" serial primary key, "name" character varying NOT NULL, "created_at" timestamp NOT NULL, "updated_at" timestamp NOT NULL) 
  [1m[36m (0.6ms)[0m  [1mCREATE TABLE "allowed_payment_methods_firms" ("firm_id" integer NOT NULL, "allowed_payment_method_id" integer NOT NULL) [0m
  [1m[35m (0.7ms)[0m  CREATE UNIQUE INDEX  "firms_allowed_payment_methods_index" ON "allowed_payment_methods_firms"  ("firm_id", "allowed_payment_method_id")
  [1m[36mSQL (0.1ms)[0m  [1mINSERT INTO "schema_migrations" ("version") VALUES ($1)[0m  [["version", "20150120133717"]]
  [1m[35m (0.4ms)[0m  COMMIT
Migrating to AddMinimumFixedFeeToFirm (20150120141928)
  [1m[36m (5.7ms)[0m  [1mBEGIN[0m
  [1m[35m (0.3ms)[0m  ALTER TABLE "firms" ADD "minimum_fixed_fee" integer
  [1m[36mSQL (0.1ms)[0m  [1mINSERT INTO "schema_migrations" ("version") VALUES ($1)[0m  [["version", "20150120141928"]]
  [1m[35m (6.2ms)[0m  COMMIT
Migrating to CreateInvestmentSizes (20150120150738)
  [1m[36m (0.3ms)[0m  [1mBEGIN[0m
  [1m[35m (15.0ms)[0m  CREATE TABLE "investment_sizes" ("id" serial primary key, "name" character varying NOT NULL, "created_at" timestamp NOT NULL, "updated_at" timestamp NOT NULL) 
  [1m[36m (0.7ms)[0m  [1mCREATE TABLE "firms_investment_sizes" ("firm_id" integer NOT NULL, "investment_size_id" integer NOT NULL) [0m
  [1m[35m (5.7ms)[0m  CREATE UNIQUE INDEX  "firms_investment_sizes_index" ON "firms_investment_sizes"  ("firm_id", "investment_size_id")
  [1m[36mSQL (0.3ms)[0m  [1mINSERT INTO "schema_migrations" ("version") VALUES ($1)[0m  [["version", "20150120150738"]]
  [1m[35m (0.5ms)[0m  COMMIT
Migrating to CreateAdvisers (20150121110757)
  [1m[36m (5.7ms)[0m  [1mBEGIN[0m
  [1m[35m (14.1ms)[0m  CREATE TABLE "advisers" ("id" serial primary key, "reference_number" character varying NOT NULL, "name" character varying NOT NULL, "firm_id" integer NOT NULL, "created_at" timestamp NOT NULL, "updated_at" timestamp NOT NULL) 
  [1m[36mSQL (0.3ms)[0m  [1mINSERT INTO "schema_migrations" ("version") VALUES ($1)[0m  [["version", "20150121110757"]]
  [1m[35m (0.6ms)[0m  COMMIT
Migrating to AddBusinessIncomeBreakdownFieldsToFirm (20150121123437)
  [1m[36m (6.1ms)[0m  [1mBEGIN[0m
  [1m[35m (0.4ms)[0m  ALTER TABLE "firms" ADD "retirement_income_products_percent" integer
  [1m[36m (0.3ms)[0m  [1mALTER TABLE "firms" ADD "pension_transfer_percent" integer[0m
  [1m[35m (0.2ms)[0m  ALTER TABLE "firms" ADD "long_term_care_percent" integer
  [1m[36m (0.2ms)[0m  [1mALTER TABLE "firms" ADD "equity_release_percent" integer[0m
  [1m[35m (0.2ms)[0m  ALTER TABLE "firms" ADD "inheritance_tax_and_estate_planning_percent" integer
  [1m[36m (0.2ms)[0m  [1mALTER TABLE "firms" ADD "wills_and_probate_percent" integer[0m
  [1m[35m (0.2ms)[0m  ALTER TABLE "firms" ADD "other_percent" integer
  [1m[36mSQL (0.3ms)[0m  [1mINSERT INTO "schema_migrations" ("version") VALUES ($1)[0m  [["version", "20150121123437"]]
  [1m[35m (5.2ms)[0m  COMMIT
Migrating to CreateQualifications (20150121134845)
  [1m[36m (0.3ms)[0m  [1mBEGIN[0m
  [1m[35m (14.7ms)[0m  CREATE TABLE "qualifications" ("id" serial primary key, "name" character varying NOT NULL, "created_at" timestamp NOT NULL, "updated_at" timestamp NOT NULL) 
  [1m[36m (0.7ms)[0m  [1mCREATE TABLE "advisers_qualifications" ("adviser_id" integer NOT NULL, "qualification_id" integer NOT NULL) [0m
  [1m[35m (5.7ms)[0m  CREATE UNIQUE INDEX  "advisers_qualifications_index" ON "advisers_qualifications"  ("adviser_id", "qualification_id")
  [1m[36mSQL (0.2ms)[0m  [1mINSERT INTO "schema_migrations" ("version") VALUES ($1)[0m  [["version", "20150121134845"]]
  [1m[35m (0.4ms)[0m  COMMIT
Migrating to CreateAccreditations (20150121154458)
  [1m[36m (6.2ms)[0m  [1mBEGIN[0m
  [1m[35m (14.5ms)[0m  CREATE TABLE "accreditations" ("id" serial primary key, "name" character varying NOT NULL, "created_at" timestamp NOT NULL, "updated_at" timestamp NOT NULL) 
  [1m[36m (0.9ms)[0m  [1mCREATE TABLE "accreditations_advisers" ("adviser_id" integer NOT NULL, "accreditation_id" integer NOT NULL) [0m
  [1m[35m (1.0ms)[0m  CREATE UNIQUE INDEX  "advisers_accreditations_index" ON "accreditations_advisers"  ("adviser_id", "accreditation_id")
  [1m[36mSQL (0.2ms)[0m  [1mINSERT INTO "schema_migrations" ("version") VALUES ($1)[0m  [["version", "20150121154458"]]
  [1m[35m (0.5ms)[0m  COMMIT
Migrating to CreateProfessionalStandings (20150121173015)
  [1m[36m (6.2ms)[0m  [1mBEGIN[0m
  [1m[35m (14.8ms)[0m  CREATE TABLE "professional_standings" ("id" serial primary key, "name" character varying NOT NULL, "created_at" timestamp NOT NULL, "updated_at" timestamp NOT NULL) 
  [1m[36m (0.7ms)[0m  [1mCREATE TABLE "advisers_professional_standings" ("adviser_id" integer NOT NULL, "professional_standing_id" integer NOT NULL) [0m
  [1m[35m (0.8ms)[0m  CREATE UNIQUE INDEX  "advisers_professional_standings_index" ON "advisers_professional_standings"  ("adviser_id", "professional_standing_id")
  [1m[36mSQL (0.1ms)[0m  [1mINSERT INTO "schema_migrations" ("version") VALUES ($1)[0m  [["version", "20150121173015"]]
  [1m[35m (0.3ms)[0m  COMMIT
Migrating to CreateProfessionalBodies (20150121181341)
  [1m[36m (5.7ms)[0m  [1mBEGIN[0m
  [1m[35m (14.3ms)[0m  CREATE TABLE "professional_bodies" ("id" serial primary key, "name" character varying NOT NULL, "created_at" timestamp NOT NULL, "updated_at" timestamp NOT NULL) 
  [1m[36m (0.6ms)[0m  [1mCREATE TABLE "advisers_professional_bodies" ("adviser_id" integer NOT NULL, "professional_body_id" integer NOT NULL) [0m
  [1m[35m (0.8ms)[0m  CREATE UNIQUE INDEX  "advisers_professional_bodies_index" ON "advisers_professional_bodies"  ("adviser_id", "professional_body_id")
  [1m[36mSQL (0.2ms)[0m  [1mINSERT INTO "schema_migrations" ("version") VALUES ($1)[0m  [["version", "20150121181341"]]
  [1m[35m (0.4ms)[0m  COMMIT
Migrating to AddConfirmedDisclaimerToAdvisers (20150121183728)
  [1m[36m (5.4ms)[0m  [1mBEGIN[0m
  [1m[35m (0.4ms)[0m  ALTER TABLE "advisers" ADD "confirmed_disclaimer" boolean NOT NULL
  [1m[36mSQL (0.2ms)[0m  [1mINSERT INTO "schema_migrations" ("version") VALUES ($1)[0m  [["version", "20150121183728"]]
  [1m[35m (6.2ms)[0m  COMMIT
Migrating to AddGeographicalFieldsToAdviser (20150124124350)
  [1m[36m (0.3ms)[0m  [1mBEGIN[0m
  [1m[35m (14.8ms)[0m  ALTER TABLE "advisers" ADD "postcode" character varying DEFAULT '' NOT NULL
  [1m[36m (7.7ms)[0m  [1mALTER TABLE "advisers" ADD "travel_distance" integer DEFAULT 0 NOT NULL[0m
  [1m[35m (2.2ms)[0m  ALTER TABLE "advisers" ADD "covers_whole_of_uk" boolean DEFAULT 'f' NOT NULL
  [1m[36mSQL (0.1ms)[0m  [1mINSERT INTO "schema_migrations" ("version") VALUES ($1)[0m  [["version", "20150124124350"]]
  [1m[35m (7.4ms)[0m  COMMIT
Migrating to AddParentIdToFirms (20150125145457)
  [1m[36m (0.2ms)[0m  [1mBEGIN[0m
  [1m[35m (0.3ms)[0m  ALTER TABLE "firms" ADD "parent_id" integer
  [1m[36mSQL (0.1ms)[0m  [1mINSERT INTO "schema_migrations" ("version") VALUES ($1)[0m  [["version", "20150125145457"]]
  [1m[35m (6.2ms)[0m  COMMIT
Migrating to RemoveUniqueConstraintFromFirmsFcaNumber (20150125164156)
  [1m[36m (0.3ms)[0m  [1mBEGIN[0m
  [1m[35m (0.4ms)[0m  DROP INDEX "index_firms_on_fca_number"
  [1m[36mSQL (0.2ms)[0m  [1mINSERT INTO "schema_migrations" ("version") VALUES ($1)[0m  [["version", "20150125164156"]]
  [1m[35m (8.6ms)[0m  COMMIT
Migrating to AddOrderingOnReferenceData (20150127084858)
  [1m[36m (0.3ms)[0m  [1mBEGIN[0m
  [1m[35m (14.4ms)[0m  ALTER TABLE "accreditations" ADD "order" integer DEFAULT 0 NOT NULL
  [1m[36mAccreditation Load (1.8ms)[0m  [1mSELECT "accreditations".* FROM "accreditations"  ORDER BY "accreditations"."id" ASC[0m
  [1m[35m (14.2ms)[0m  ALTER TABLE "allowed_payment_methods" ADD "order" integer DEFAULT 0 NOT NULL
  [1m[36mAllowedPaymentMethod Load (1.6ms)[0m  [1mSELECT "allowed_payment_methods".* FROM "allowed_payment_methods"  ORDER BY "allowed_payment_methods"."id" ASC[0m
  [1m[35m (13.9ms)[0m  ALTER TABLE "in_person_advice_methods" ADD "order" integer DEFAULT 0 NOT NULL
  [1m[36mInPersonAdviceMethod Load (1.5ms)[0m  [1mSELECT "in_person_advice_methods".* FROM "in_person_advice_methods"  ORDER BY "in_person_advice_methods"."id" ASC[0m
  [1m[35m (13.8ms)[0m  ALTER TABLE "initial_advice_fee_structures" ADD "order" integer DEFAULT 0 NOT NULL
  [1m[36mInitialAdviceFeeStructure Load (1.6ms)[0m  [1mSELECT "initial_advice_fee_structures".* FROM "initial_advice_fee_structures"  ORDER BY "initial_advice_fee_structures"."id" ASC[0m
  [1m[35m (15.9ms)[0m  ALTER TABLE "initial_meeting_durations" ADD "order" integer DEFAULT 0 NOT NULL
  [1m[36mInitialMeetingDuration Load (2.0ms)[0m  [1mSELECT "initial_meeting_durations".* FROM "initial_meeting_durations"  ORDER BY "initial_meeting_durations"."id" ASC[0m
  [1m[35m (14.8ms)[0m  ALTER TABLE "investment_sizes" ADD "order" integer DEFAULT 0 NOT NULL
  [1m[36mInvestmentSize Load (2.0ms)[0m  [1mSELECT "investment_sizes".* FROM "investment_sizes"  ORDER BY "investment_sizes"."id" ASC[0m
  [1m[35m (14.9ms)[0m  ALTER TABLE "ongoing_advice_fee_structures" ADD "order" integer DEFAULT 0 NOT NULL
  [1m[36mOngoingAdviceFeeStructure Load (1.4ms)[0m  [1mSELECT "ongoing_advice_fee_structures".* FROM "ongoing_advice_fee_structures"  ORDER BY "ongoing_advice_fee_structures"."id" ASC[0m
  [1m[35m (15.1ms)[0m  ALTER TABLE "other_advice_methods" ADD "order" integer DEFAULT 0 NOT NULL
  [1m[36mOtherAdviceMethod Load (1.8ms)[0m  [1mSELECT "other_advice_methods".* FROM "other_advice_methods"  ORDER BY "other_advice_methods"."id" ASC[0m
  [1m[35m (14.5ms)[0m  ALTER TABLE "professional_bodies" ADD "order" integer DEFAULT 0 NOT NULL
  [1m[36mProfessionalBody Load (1.4ms)[0m  [1mSELECT "professional_bodies".* FROM "professional_bodies"  ORDER BY "professional_bodies"."id" ASC[0m
  [1m[35m (14.7ms)[0m  ALTER TABLE "professional_standings" ADD "order" integer DEFAULT 0 NOT NULL
  [1m[36mProfessionalStanding Load (2.1ms)[0m  [1mSELECT "professional_standings".* FROM "professional_standings"  ORDER BY "professional_standings"."id" ASC[0m
  [1m[35m (14.3ms)[0m  ALTER TABLE "qualifications" ADD "order" integer DEFAULT 0 NOT NULL
  [1m[36mQualification Load (1.4ms)[0m  [1mSELECT "qualifications".* FROM "qualifications"  ORDER BY "qualifications"."id" ASC[0m
  [1m[35mSQL (0.1ms)[0m  INSERT INTO "schema_migrations" ("version") VALUES ($1)  [["version", "20150127084858"]]
  [1m[36m (33.6ms)[0m  [1mCOMMIT[0m
Migrating to RemoveCoversWholeOfUkFromAdvisers (20150209144836)
  [1m[35m (0.4ms)[0m  BEGIN
  [1m[36mAdviser Load (1.5ms)[0m  [1mSELECT  "advisers".* FROM "advisers" WHERE "advisers"."covers_whole_of_uk" = 't'  ORDER BY "advisers"."id" ASC LIMIT 1000[0m
  [1m[35m (0.4ms)[0m  ALTER TABLE "advisers" DROP "covers_whole_of_uk"
  [1m[36mSQL (0.1ms)[0m  [1mINSERT INTO "schema_migrations" ("version") VALUES ($1)[0m  [["version", "20150209144836"]]
  [1m[35m (6.1ms)[0m  COMMIT
  [1m[36mActiveRecord::SchemaMigration Load (0.2ms)[0m  [1mSELECT "schema_migrations".* FROM "schema_migrations"[0m
  [1m[35m (1.7ms)[0m  SELECT t2.oid::regclass::text AS to_table, a1.attname AS column, a2.attname AS primary_key, c.conname AS name, c.confupdtype AS on_update, c.confdeltype AS on_delete
FROM pg_constraint c
JOIN pg_class t1 ON c.conrelid = t1.oid
JOIN pg_class t2 ON c.confrelid = t2.oid
JOIN pg_attribute a1 ON a1.attnum = c.conkey[1] AND a1.attrelid = t1.oid
JOIN pg_attribute a2 ON a2.attnum = c.confkey[1] AND a2.attrelid = t2.oid
JOIN pg_namespace t3 ON c.connamespace = t3.oid
WHERE c.contype = 'f'
  AND t1.relname = 'accreditations'
  AND t3.nspname = ANY (current_schemas(false))
ORDER BY c.conname

  [1m[36m (1.4ms)[0m  [1mSELECT t2.oid::regclass::text AS to_table, a1.attname AS column, a2.attname AS primary_key, c.conname AS name, c.confupdtype AS on_update, c.confdeltype AS on_delete
FROM pg_constraint c
JOIN pg_class t1 ON c.conrelid = t1.oid
JOIN pg_class t2 ON c.confrelid = t2.oid
JOIN pg_attribute a1 ON a1.attnum = c.conkey[1] AND a1.attrelid = t1.oid
JOIN pg_attribute a2 ON a2.attnum = c.confkey[1] AND a2.attrelid = t2.oid
JOIN pg_namespace t3 ON c.connamespace = t3.oid
WHERE c.contype = 'f'
  AND t1.relname = 'accreditations_advisers'
  AND t3.nspname = ANY (current_schemas(false))
ORDER BY c.conname
[0m
  [1m[35m (1.3ms)[0m  SELECT t2.oid::regclass::text AS to_table, a1.attname AS column, a2.attname AS primary_key, c.conname AS name, c.confupdtype AS on_update, c.confdeltype AS on_delete
FROM pg_constraint c
JOIN pg_class t1 ON c.conrelid = t1.oid
JOIN pg_class t2 ON c.confrelid = t2.oid
JOIN pg_attribute a1 ON a1.attnum = c.conkey[1] AND a1.attrelid = t1.oid
JOIN pg_attribute a2 ON a2.attnum = c.confkey[1] AND a2.attrelid = t2.oid
JOIN pg_namespace t3 ON c.connamespace = t3.oid
WHERE c.contype = 'f'
  AND t1.relname = 'advisers'
  AND t3.nspname = ANY (current_schemas(false))
ORDER BY c.conname

  [1m[36m (1.4ms)[0m  [1mSELECT t2.oid::regclass::text AS to_table, a1.attname AS column, a2.attname AS primary_key, c.conname AS name, c.confupdtype AS on_update, c.confdeltype AS on_delete
FROM pg_constraint c
JOIN pg_class t1 ON c.conrelid = t1.oid
JOIN pg_class t2 ON c.confrelid = t2.oid
JOIN pg_attribute a1 ON a1.attnum = c.conkey[1] AND a1.attrelid = t1.oid
JOIN pg_attribute a2 ON a2.attnum = c.confkey[1] AND a2.attrelid = t2.oid
JOIN pg_namespace t3 ON c.connamespace = t3.oid
WHERE c.contype = 'f'
  AND t1.relname = 'advisers_professional_bodies'
  AND t3.nspname = ANY (current_schemas(false))
ORDER BY c.conname
[0m
  [1m[35m (1.3ms)[0m  SELECT t2.oid::regclass::text AS to_table, a1.attname AS column, a2.attname AS primary_key, c.conname AS name, c.confupdtype AS on_update, c.confdeltype AS on_delete
FROM pg_constraint c
JOIN pg_class t1 ON c.conrelid = t1.oid
JOIN pg_class t2 ON c.confrelid = t2.oid
JOIN pg_attribute a1 ON a1.attnum = c.conkey[1] AND a1.attrelid = t1.oid
JOIN pg_attribute a2 ON a2.attnum = c.confkey[1] AND a2.attrelid = t2.oid
JOIN pg_namespace t3 ON c.connamespace = t3.oid
WHERE c.contype = 'f'
  AND t1.relname = 'advisers_professional_standings'
  AND t3.nspname = ANY (current_schemas(false))
ORDER BY c.conname

  [1m[36m (1.3ms)[0m  [1mSELECT t2.oid::regclass::text AS to_table, a1.attname AS column, a2.attname AS primary_key, c.conname AS name, c.confupdtype AS on_update, c.confdeltype AS on_delete
FROM pg_constraint c
JOIN pg_class t1 ON c.conrelid = t1.oid
JOIN pg_class t2 ON c.confrelid = t2.oid
JOIN pg_attribute a1 ON a1.attnum = c.conkey[1] AND a1.attrelid = t1.oid
JOIN pg_attribute a2 ON a2.attnum = c.confkey[1] AND a2.attrelid = t2.oid
JOIN pg_namespace t3 ON c.connamespace = t3.oid
WHERE c.contype = 'f'
  AND t1.relname = 'advisers_qualifications'
  AND t3.nspname = ANY (current_schemas(false))
ORDER BY c.conname
[0m
  [1m[35m (1.3ms)[0m  SELECT t2.oid::regclass::text AS to_table, a1.attname AS column, a2.attname AS primary_key, c.conname AS name, c.confupdtype AS on_update, c.confdeltype AS on_delete
FROM pg_constraint c
JOIN pg_class t1 ON c.conrelid = t1.oid
JOIN pg_class t2 ON c.confrelid = t2.oid
JOIN pg_attribute a1 ON a1.attnum = c.conkey[1] AND a1.attrelid = t1.oid
JOIN pg_attribute a2 ON a2.attnum = c.confkey[1] AND a2.attrelid = t2.oid
JOIN pg_namespace t3 ON c.connamespace = t3.oid
WHERE c.contype = 'f'
  AND t1.relname = 'allowed_payment_methods'
  AND t3.nspname = ANY (current_schemas(false))
ORDER BY c.conname

  [1m[36m (1.4ms)[0m  [1mSELECT t2.oid::regclass::text AS to_table, a1.attname AS column, a2.attname AS primary_key, c.conname AS name, c.confupdtype AS on_update, c.confdeltype AS on_delete
FROM pg_constraint c
JOIN pg_class t1 ON c.conrelid = t1.oid
JOIN pg_class t2 ON c.confrelid = t2.oid
JOIN pg_attribute a1 ON a1.attnum = c.conkey[1] AND a1.attrelid = t1.oid
JOIN pg_attribute a2 ON a2.attnum = c.confkey[1] AND a2.attrelid = t2.oid
JOIN pg_namespace t3 ON c.connamespace = t3.oid
WHERE c.contype = 'f'
  AND t1.relname = 'allowed_payment_methods_firms'
  AND t3.nspname = ANY (current_schemas(false))
ORDER BY c.conname
[0m
  [1m[35m (1.3ms)[0m  SELECT t2.oid::regclass::text AS to_table, a1.attname AS column, a2.attname AS primary_key, c.conname AS name, c.confupdtype AS on_update, c.confdeltype AS on_delete
FROM pg_constraint c
JOIN pg_class t1 ON c.conrelid = t1.oid
JOIN pg_class t2 ON c.confrelid = t2.oid
JOIN pg_attribute a1 ON a1.attnum = c.conkey[1] AND a1.attrelid = t1.oid
JOIN pg_attribute a2 ON a2.attnum = c.confkey[1] AND a2.attrelid = t2.oid
JOIN pg_namespace t3 ON c.connamespace = t3.oid
WHERE c.contype = 'f'
  AND t1.relname = 'firms'
  AND t3.nspname = ANY (current_schemas(false))
ORDER BY c.conname

  [1m[36m (1.4ms)[0m  [1mSELECT t2.oid::regclass::text AS to_table, a1.attname AS column, a2.attname AS primary_key, c.conname AS name, c.confupdtype AS on_update, c.confdeltype AS on_delete
FROM pg_constraint c
JOIN pg_class t1 ON c.conrelid = t1.oid
JOIN pg_class t2 ON c.confrelid = t2.oid
JOIN pg_attribute a1 ON a1.attnum = c.conkey[1] AND a1.attrelid = t1.oid
JOIN pg_attribute a2 ON a2.attnum = c.confkey[1] AND a2.attrelid = t2.oid
JOIN pg_namespace t3 ON c.connamespace = t3.oid
WHERE c.contype = 'f'
  AND t1.relname = 'firms_in_person_advice_methods'
  AND t3.nspname = ANY (current_schemas(false))
ORDER BY c.conname
[0m
  [1m[35m (1.3ms)[0m  SELECT t2.oid::regclass::text AS to_table, a1.attname AS column, a2.attname AS primary_key, c.conname AS name, c.confupdtype AS on_update, c.confdeltype AS on_delete
FROM pg_constraint c
JOIN pg_class t1 ON c.conrelid = t1.oid
JOIN pg_class t2 ON c.confrelid = t2.oid
JOIN pg_attribute a1 ON a1.attnum = c.conkey[1] AND a1.attrelid = t1.oid
JOIN pg_attribute a2 ON a2.attnum = c.confkey[1] AND a2.attrelid = t2.oid
JOIN pg_namespace t3 ON c.connamespace = t3.oid
WHERE c.contype = 'f'
  AND t1.relname = 'firms_initial_advice_fee_structures'
  AND t3.nspname = ANY (current_schemas(false))
ORDER BY c.conname

  [1m[36m (1.3ms)[0m  [1mSELECT t2.oid::regclass::text AS to_table, a1.attname AS column, a2.attname AS primary_key, c.conname AS name, c.confupdtype AS on_update, c.confdeltype AS on_delete
FROM pg_constraint c
JOIN pg_class t1 ON c.conrelid = t1.oid
JOIN pg_class t2 ON c.confrelid = t2.oid
JOIN pg_attribute a1 ON a1.attnum = c.conkey[1] AND a1.attrelid = t1.oid
JOIN pg_attribute a2 ON a2.attnum = c.confkey[1] AND a2.attrelid = t2.oid
JOIN pg_namespace t3 ON c.connamespace = t3.oid
WHERE c.contype = 'f'
  AND t1.relname = 'firms_investment_sizes'
  AND t3.nspname = ANY (current_schemas(false))
ORDER BY c.conname
[0m
  [1m[35m (1.3ms)[0m  SELECT t2.oid::regclass::text AS to_table, a1.attname AS column, a2.attname AS primary_key, c.conname AS name, c.confupdtype AS on_update, c.confdeltype AS on_delete
FROM pg_constraint c
JOIN pg_class t1 ON c.conrelid = t1.oid
JOIN pg_class t2 ON c.confrelid = t2.oid
JOIN pg_attribute a1 ON a1.attnum = c.conkey[1] AND a1.attrelid = t1.oid
JOIN pg_attribute a2 ON a2.attnum = c.confkey[1] AND a2.attrelid = t2.oid
JOIN pg_namespace t3 ON c.connamespace = t3.oid
WHERE c.contype = 'f'
  AND t1.relname = 'firms_ongoing_advice_fee_structures'
  AND t3.nspname = ANY (current_schemas(false))
ORDER BY c.conname

  [1m[36m (1.3ms)[0m  [1mSELECT t2.oid::regclass::text AS to_table, a1.attname AS column, a2.attname AS primary_key, c.conname AS name, c.confupdtype AS on_update, c.confdeltype AS on_delete
FROM pg_constraint c
JOIN pg_class t1 ON c.conrelid = t1.oid
JOIN pg_class t2 ON c.confrelid = t2.oid
JOIN pg_attribute a1 ON a1.attnum = c.conkey[1] AND a1.attrelid = t1.oid
JOIN pg_attribute a2 ON a2.attnum = c.confkey[1] AND a2.attrelid = t2.oid
JOIN pg_namespace t3 ON c.connamespace = t3.oid
WHERE c.contype = 'f'
  AND t1.relname = 'firms_other_advice_methods'
  AND t3.nspname = ANY (current_schemas(false))
ORDER BY c.conname
[0m
  [1m[35m (1.3ms)[0m  SELECT t2.oid::regclass::text AS to_table, a1.attname AS column, a2.attname AS primary_key, c.conname AS name, c.confupdtype AS on_update, c.confdeltype AS on_delete
FROM pg_constraint c
JOIN pg_class t1 ON c.conrelid = t1.oid
JOIN pg_class t2 ON c.confrelid = t2.oid
JOIN pg_attribute a1 ON a1.attnum = c.conkey[1] AND a1.attrelid = t1.oid
JOIN pg_attribute a2 ON a2.attnum = c.confkey[1] AND a2.attrelid = t2.oid
JOIN pg_namespace t3 ON c.connamespace = t3.oid
WHERE c.contype = 'f'
  AND t1.relname = 'in_person_advice_methods'
  AND t3.nspname = ANY (current_schemas(false))
ORDER BY c.conname

  [1m[36m (1.3ms)[0m  [1mSELECT t2.oid::regclass::text AS to_table, a1.attname AS column, a2.attname AS primary_key, c.conname AS name, c.confupdtype AS on_update, c.confdeltype AS on_delete
FROM pg_constraint c
JOIN pg_class t1 ON c.conrelid = t1.oid
JOIN pg_class t2 ON c.confrelid = t2.oid
JOIN pg_attribute a1 ON a1.attnum = c.conkey[1] AND a1.attrelid = t1.oid
JOIN pg_attribute a2 ON a2.attnum = c.confkey[1] AND a2.attrelid = t2.oid
JOIN pg_namespace t3 ON c.connamespace = t3.oid
WHERE c.contype = 'f'
  AND t1.relname = 'initial_advice_fee_structures'
  AND t3.nspname = ANY (current_schemas(false))
ORDER BY c.conname
[0m
  [1m[35m (1.3ms)[0m  SELECT t2.oid::regclass::text AS to_table, a1.attname AS column, a2.attname AS primary_key, c.conname AS name, c.confupdtype AS on_update, c.confdeltype AS on_delete
FROM pg_constraint c
JOIN pg_class t1 ON c.conrelid = t1.oid
JOIN pg_class t2 ON c.confrelid = t2.oid
JOIN pg_attribute a1 ON a1.attnum = c.conkey[1] AND a1.attrelid = t1.oid
JOIN pg_attribute a2 ON a2.attnum = c.confkey[1] AND a2.attrelid = t2.oid
JOIN pg_namespace t3 ON c.connamespace = t3.oid
WHERE c.contype = 'f'
  AND t1.relname = 'initial_meeting_durations'
  AND t3.nspname = ANY (current_schemas(false))
ORDER BY c.conname

  [1m[36m (1.3ms)[0m  [1mSELECT t2.oid::regclass::text AS to_table, a1.attname AS column, a2.attname AS primary_key, c.conname AS name, c.confupdtype AS on_update, c.confdeltype AS on_delete
FROM pg_constraint c
JOIN pg_class t1 ON c.conrelid = t1.oid
JOIN pg_class t2 ON c.confrelid = t2.oid
JOIN pg_attribute a1 ON a1.attnum = c.conkey[1] AND a1.attrelid = t1.oid
JOIN pg_attribute a2 ON a2.attnum = c.confkey[1] AND a2.attrelid = t2.oid
JOIN pg_namespace t3 ON c.connamespace = t3.oid
WHERE c.contype = 'f'
  AND t1.relname = 'investment_sizes'
  AND t3.nspname = ANY (current_schemas(false))
ORDER BY c.conname
[0m
  [1m[35m (1.3ms)[0m  SELECT t2.oid::regclass::text AS to_table, a1.attname AS column, a2.attname AS primary_key, c.conname AS name, c.confupdtype AS on_update, c.confdeltype AS on_delete
FROM pg_constraint c
JOIN pg_class t1 ON c.conrelid = t1.oid
JOIN pg_class t2 ON c.confrelid = t2.oid
JOIN pg_attribute a1 ON a1.attnum = c.conkey[1] AND a1.attrelid = t1.oid
JOIN pg_attribute a2 ON a2.attnum = c.confkey[1] AND a2.attrelid = t2.oid
JOIN pg_namespace t3 ON c.connamespace = t3.oid
WHERE c.contype = 'f'
  AND t1.relname = 'lookup_advisers'
  AND t3.nspname = ANY (current_schemas(false))
ORDER BY c.conname

  [1m[36m (1.4ms)[0m  [1mSELECT t2.oid::regclass::text AS to_table, a1.attname AS column, a2.attname AS primary_key, c.conname AS name, c.confupdtype AS on_update, c.confdeltype AS on_delete
FROM pg_constraint c
JOIN pg_class t1 ON c.conrelid = t1.oid
JOIN pg_class t2 ON c.confrelid = t2.oid
JOIN pg_attribute a1 ON a1.attnum = c.conkey[1] AND a1.attrelid = t1.oid
JOIN pg_attribute a2 ON a2.attnum = c.confkey[1] AND a2.attrelid = t2.oid
JOIN pg_namespace t3 ON c.connamespace = t3.oid
WHERE c.contype = 'f'
  AND t1.relname = 'lookup_firms'
  AND t3.nspname = ANY (current_schemas(false))
ORDER BY c.conname
[0m
  [1m[35m (1.3ms)[0m  SELECT t2.oid::regclass::text AS to_table, a1.attname AS column, a2.attname AS primary_key, c.conname AS name, c.confupdtype AS on_update, c.confdeltype AS on_delete
FROM pg_constraint c
JOIN pg_class t1 ON c.conrelid = t1.oid
JOIN pg_class t2 ON c.confrelid = t2.oid
JOIN pg_attribute a1 ON a1.attnum = c.conkey[1] AND a1.attrelid = t1.oid
JOIN pg_attribute a2 ON a2.attnum = c.confkey[1] AND a2.attrelid = t2.oid
JOIN pg_namespace t3 ON c.connamespace = t3.oid
WHERE c.contype = 'f'
  AND t1.relname = 'lookup_subsidiaries'
  AND t3.nspname = ANY (current_schemas(false))
ORDER BY c.conname

  [1m[36m (1.3ms)[0m  [1mSELECT t2.oid::regclass::text AS to_table, a1.attname AS column, a2.attname AS primary_key, c.conname AS name, c.confupdtype AS on_update, c.confdeltype AS on_delete
FROM pg_constraint c
JOIN pg_class t1 ON c.conrelid = t1.oid
JOIN pg_class t2 ON c.confrelid = t2.oid
JOIN pg_attribute a1 ON a1.attnum = c.conkey[1] AND a1.attrelid = t1.oid
JOIN pg_attribute a2 ON a2.attnum = c.confkey[1] AND a2.attrelid = t2.oid
JOIN pg_namespace t3 ON c.connamespace = t3.oid
WHERE c.contype = 'f'
  AND t1.relname = 'ongoing_advice_fee_structures'
  AND t3.nspname = ANY (current_schemas(false))
ORDER BY c.conname
[0m
  [1m[35m (1.4ms)[0m  SELECT t2.oid::regclass::text AS to_table, a1.attname AS column, a2.attname AS primary_key, c.conname AS name, c.confupdtype AS on_update, c.confdeltype AS on_delete
FROM pg_constraint c
JOIN pg_class t1 ON c.conrelid = t1.oid
JOIN pg_class t2 ON c.confrelid = t2.oid
JOIN pg_attribute a1 ON a1.attnum = c.conkey[1] AND a1.attrelid = t1.oid
JOIN pg_attribute a2 ON a2.attnum = c.confkey[1] AND a2.attrelid = t2.oid
JOIN pg_namespace t3 ON c.connamespace = t3.oid
WHERE c.contype = 'f'
  AND t1.relname = 'other_advice_methods'
  AND t3.nspname = ANY (current_schemas(false))
ORDER BY c.conname

  [1m[36m (1.4ms)[0m  [1mSELECT t2.oid::regclass::text AS to_table, a1.attname AS column, a2.attname AS primary_key, c.conname AS name, c.confupdtype AS on_update, c.confdeltype AS on_delete
FROM pg_constraint c
JOIN pg_class t1 ON c.conrelid = t1.oid
JOIN pg_class t2 ON c.confrelid = t2.oid
JOIN pg_attribute a1 ON a1.attnum = c.conkey[1] AND a1.attrelid = t1.oid
JOIN pg_attribute a2 ON a2.attnum = c.confkey[1] AND a2.attrelid = t2.oid
JOIN pg_namespace t3 ON c.connamespace = t3.oid
WHERE c.contype = 'f'
  AND t1.relname = 'principals'
  AND t3.nspname = ANY (current_schemas(false))
ORDER BY c.conname
[0m
  [1m[35m (1.4ms)[0m  SELECT t2.oid::regclass::text AS to_table, a1.attname AS column, a2.attname AS primary_key, c.conname AS name, c.confupdtype AS on_update, c.confdeltype AS on_delete
FROM pg_constraint c
JOIN pg_class t1 ON c.conrelid = t1.oid
JOIN pg_class t2 ON c.confrelid = t2.oid
JOIN pg_attribute a1 ON a1.attnum = c.conkey[1] AND a1.attrelid = t1.oid
JOIN pg_attribute a2 ON a2.attnum = c.confkey[1] AND a2.attrelid = t2.oid
JOIN pg_namespace t3 ON c.connamespace = t3.oid
WHERE c.contype = 'f'
  AND t1.relname = 'professional_bodies'
  AND t3.nspname = ANY (current_schemas(false))
ORDER BY c.conname

  [1m[36m (1.4ms)[0m  [1mSELECT t2.oid::regclass::text AS to_table, a1.attname AS column, a2.attname AS primary_key, c.conname AS name, c.confupdtype AS on_update, c.confdeltype AS on_delete
FROM pg_constraint c
JOIN pg_class t1 ON c.conrelid = t1.oid
JOIN pg_class t2 ON c.confrelid = t2.oid
JOIN pg_attribute a1 ON a1.attnum = c.conkey[1] AND a1.attrelid = t1.oid
JOIN pg_attribute a2 ON a2.attnum = c.confkey[1] AND a2.attrelid = t2.oid
JOIN pg_namespace t3 ON c.connamespace = t3.oid
WHERE c.contype = 'f'
  AND t1.relname = 'professional_standings'
  AND t3.nspname = ANY (current_schemas(false))
ORDER BY c.conname
[0m
  [1m[35m (1.4ms)[0m  SELECT t2.oid::regclass::text AS to_table, a1.attname AS column, a2.attname AS primary_key, c.conname AS name, c.confupdtype AS on_update, c.confdeltype AS on_delete
FROM pg_constraint c
JOIN pg_class t1 ON c.conrelid = t1.oid
JOIN pg_class t2 ON c.confrelid = t2.oid
JOIN pg_attribute a1 ON a1.attnum = c.conkey[1] AND a1.attrelid = t1.oid
JOIN pg_attribute a2 ON a2.attnum = c.confkey[1] AND a2.attrelid = t2.oid
JOIN pg_namespace t3 ON c.connamespace = t3.oid
WHERE c.contype = 'f'
  AND t1.relname = 'qualifications'
  AND t3.nspname = ANY (current_schemas(false))
ORDER BY c.conname

